<?xml version="1.0" encoding="UTF-8"?>
<!-- Generated by org.testng.reporters.JUnitReportReporter -->
<testsuite hostname="naveenkrishnappas-MacBook-Pro.local" failures="0" tests="1" name="com.actitime.testscript.CustomerProject" time="27.360" errors="0" timestamp="2023-02-21T22:44:13 IST" skipped="0">
  <testcase classname="com.actitime.testscript.CustomerProject" name="testCreateProject" time="27.360"/>
  <system-out>
    <![CDATA[CreateProject]]>
  </system-out>
</testsuite> <!-- com.actitime.testscript.CustomerProject -->
