<?xml version="1.0" encoding="UTF-8"?>
<!-- Generated by org.testng.reporters.JUnitReportReporter -->
<testsuite hostname="naveenkrishnappas-MacBook-Pro.local" failures="0" tests="1" name="com.actitime.testscript.CustomerTask" time="26.780" errors="0" timestamp="2023-02-21T22:48:02 IST" skipped="0">
  <testcase classname="com.actitime.testscript.CustomerTask" name="testCreateTask" time="26.780"/>
  <system-out>
    <![CDATA[CreateTask]]>
  </system-out>
</testsuite> <!-- com.actitime.testscript.CustomerTask -->
