<?xml version="1.0" encoding="UTF-8"?>
<!-- Generated by org.testng.reporters.JUnitReportReporter -->
<testsuite hostname="naveenkrishnappas-MacBook-Pro.local" failures="0" tests="1" name="com.actitime.testscript.TestClass" time="34.784" errors="0" timestamp="2023-02-20T22:49:13 IST" skipped="0">
  <testcase classname="com.actitime.testscript.TestClass" name="testCreateTask" time="34.784"/>
  <system-out>
    <![CDATA[CreateTask]]>
  </system-out>
</testsuite> <!-- com.actitime.testscript.TestClass -->
