<?xml version="1.0" encoding="UTF-8"?>
<!-- Generated by org.testng.reporters.JUnitReportReporter -->
<testsuite hostname="naveenkrishnappas-MacBook-Pro.local" failures="0" tests="2" name="com.actitime.testscript.createReports" time="98.043" errors="0" timestamp="2023-02-28T23:52:34 IST" skipped="0">
  <testcase classname="com.actitime.testscript.createReports" name="testCreateCustQualityControlChartReport" time="67.660"/>
  <system-out>
    <![CDATA[Welcome the ACTITIME PROJECT created By Parveen QA
Success=testCreateCustQualityControlChartReport]]>
  </system-out>
  <testcase classname="com.actitime.testscript.createReports" name="testCreateDeptChartReport" time="30.383"/>
  <system-out>
    <![CDATA[Welcome the ACTITIME PROJECT created By Parveen QA
Success=testCreateDeptChartReport]]>
  </system-out>
</testsuite> <!-- com.actitime.testscript.createReports -->
