<?xml version="1.0" encoding="UTF-8"?>
<!-- Generated by org.testng.reporters.JUnitReportReporter -->
<testsuite hostname="naveenkrishnappas-MacBook-Pro.local" failures="0" tests="1" name="com.actitime.testscript.TestUsers" time="34.183" errors="0" timestamp="2023-02-20T16:43:30 IST" skipped="0">
  <testcase classname="com.actitime.testscript.TestUsers" name="testCreateNewUser" time="34.183"/>
  <system-out>
    <![CDATA[CreateNewUser]]>
  </system-out>
</testsuite> <!-- com.actitime.testscript.TestUsers -->
